New log file opened at Sat Jun 27 09:45:21 BST 2015 by 69734@gl04865m.home
jvm 69734@gl04865m.home
jvm vmName=Java HotSpot(TM) 64-Bit Server VM vmVendor=Oracle Corporation vmVersion=25.45-b02
jvm specName=Java Virtual Machine Specification specVendor=Oracle Corporation specVersion=1.8
jvm arguments: [-Xms256m, -Xmx1024m, -XX:MetaspaceSize=64m, -XX:MaxMetaspaceSize=256m]
Starting event engine
Starting sbt command engine
Waiting for sbt command engine
Command engine arguments=List()
Command engine baseDirectory=/Users/harshitha.suresh/hello-akka-java8
Command engine initial remaining commands List(--initialize, onFailure load-failed, boot, server-send-ready-for-request, server-handle-next-server-request)
> --initialize
> initialize
> onFailure load-failed
> boot
> reload
[Loading] Scanning directory /Users/harshitha.suresh/hello-akka-java8/project
[Loading] Found non-root projects 
[Loading] Done in /Users/harshitha.suresh/hello-akka-java8/project, returning: ()
deducing auto plugins based on known facts Set(Atom(sbt.plugins.CorePlugin)) and clauses Clauses(List(Clause(Atom(sbt.plugins.JvmPlugin),Set(Atom(sbt.plugins.IvyPlugin))), Clause(Atom(sbt.plugins.JUnitXmlReportPlugin),Set(Atom(sbt.plugins.JvmPlugin))), Clause(Atom(sbt.plugins.CorePlugin),Set(Atom(sbt.plugins.IvyPlugin))), Clause(Atom(sbt.plugins.IvyPlugin),Set(Atom(sbt.plugins.JvmPlugin))), Clause(Atom(sbt.plugins.JvmPlugin),Set(Atom(sbt.plugins.JUnitXmlReportPlugin)))))
  :: deduced result: Matched(sbt.plugins.CorePlugin,sbt.plugins.IvyPlugin,sbt.plugins.JvmPlugin,sbt.plugins.JUnitXmlReportPlugin)
sorting: ns: List(sbt.plugins.CorePlugin, sbt.plugins.IvyPlugin, sbt.plugins.JvmPlugin, sbt.plugins.JUnitXmlReportPlugin)
  :: sorting:: found: List(sbt.plugins.CorePlugin) not found List(sbt.plugins.IvyPlugin, sbt.plugins.JvmPlugin, sbt.plugins.JUnitXmlReportPlugin)
  :: sorting:: found: List(sbt.plugins.CorePlugin, sbt.plugins.IvyPlugin) not found List(sbt.plugins.JvmPlugin, sbt.plugins.JUnitXmlReportPlugin)
  :: sorting:: found: List(sbt.plugins.CorePlugin, sbt.plugins.IvyPlugin, sbt.plugins.JvmPlugin) not found List(sbt.plugins.JUnitXmlReportPlugin)
  :: sorting:: found: List(sbt.plugins.CorePlugin, sbt.plugins.IvyPlugin, sbt.plugins.JvmPlugin, sbt.plugins.JUnitXmlReportPlugin) not found List()
  :: sorted deduced result: List(sbt.plugins.CorePlugin, sbt.plugins.IvyPlugin, sbt.plugins.JvmPlugin, sbt.plugins.JUnitXmlReportPlugin)
[Loading] Done in /Users/harshitha.suresh/hello-akka-java8/project, returning: (hello-akka-java8-build)
Loading project definition from /Users/harshitha.suresh/hello-akka-java8/project
Running task... Cancel: sbt.TaskCancellationStrategy$Null$@79865f9a, check cycles: false

Initial source changes: 
	removed:Set()
	added: Set()
	modified: Set()
Removed products: Set()
External API changes: API Changes: Set()
Modified binary dependencies: Set()
Initial directly invalidated sources: Set()

Sources indirectly invalidated by:
	product: Set()
	binary dep: Set()
	external source: Set()
All initially invalidated sources: Set()

Copy resource mappings: 
	
[Loading] Scanning directory /Users/harshitha.suresh/hello-akka-java8
[Loading] Found non-root projects 
[Loading] Done in /Users/harshitha.suresh/hello-akka-java8, returning: ()
deducing auto plugins based on known facts Set(Atom(sbt.plugins.CorePlugin)) and clauses Clauses(List(Clause(Atom(sbt.plugins.JvmPlugin),Set(Atom(sbt.plugins.IvyPlugin))), Clause(Atom(sbt.plugins.JUnitXmlReportPlugin),Set(Atom(sbt.plugins.JvmPlugin))), Clause(Atom(sbt.plugins.BackgroundRunPlugin),Set(Atom(sbt.plugins.JvmPlugin))), Clause(Atom(sbt.plugins.CorePlugin),Set(Atom(sbt.plugins.IvyPlugin))), Clause(Atom(sbt.plugins.IvyPlugin),Set(Atom(sbt.plugins.JvmPlugin))), Clause(Atom(sbt.plugins.JvmPlugin),Set(Atom(sbt.plugins.JUnitXmlReportPlugin))), Clause(Atom(sbt.plugins.JvmPlugin),Set(Atom(sbt.plugins.BackgroundRunPlugin))), Clause(Atom(sbt.plugins.CorePlugin),Set(Atom(sbt.plugins.InteractionServicePlugin))), Clause(Atom(sbt.plugins.CorePlugin),Set(Atom(sbt.plugins.SendEventServicePlugin))), Clause(Atom(sbt.plugins.CorePlugin),Set(Atom(sbt.plugins.SerializersPlugin)))))
  :: deduced result: Matched(sbt.plugins.CorePlugin,sbt.plugins.SerializersPlugin,sbt.plugins.SendEventServicePlugin,sbt.plugins.InteractionServicePlugin,sbt.plugins.IvyPlugin,sbt.plugins.JvmPlugin,sbt.plugins.BackgroundRunPlugin,sbt.plugins.JUnitXmlReportPlugin)
sorting: ns: List(sbt.plugins.CorePlugin, sbt.plugins.SerializersPlugin, sbt.plugins.SendEventServicePlugin, sbt.plugins.InteractionServicePlugin, sbt.plugins.IvyPlugin, sbt.plugins.JvmPlugin, sbt.plugins.BackgroundRunPlugin, sbt.plugins.JUnitXmlReportPlugin)
  :: sorting:: found: List(sbt.plugins.CorePlugin) not found List(sbt.plugins.SerializersPlugin, sbt.plugins.SendEventServicePlugin, sbt.plugins.InteractionServicePlugin, sbt.plugins.IvyPlugin, sbt.plugins.JvmPlugin, sbt.plugins.BackgroundRunPlugin, sbt.plugins.JUnitXmlReportPlugin)
  :: sorting:: found: List(sbt.plugins.CorePlugin, sbt.plugins.SerializersPlugin, sbt.plugins.SendEventServicePlugin, sbt.plugins.InteractionServicePlugin, sbt.plugins.IvyPlugin) not found List(sbt.plugins.JvmPlugin, sbt.plugins.BackgroundRunPlugin, sbt.plugins.JUnitXmlReportPlugin)
  :: sorting:: found: List(sbt.plugins.CorePlugin, sbt.plugins.SerializersPlugin, sbt.plugins.SendEventServicePlugin, sbt.plugins.InteractionServicePlugin, sbt.plugins.IvyPlugin, sbt.plugins.JvmPlugin) not found List(sbt.plugins.BackgroundRunPlugin, sbt.plugins.JUnitXmlReportPlugin)
  :: sorting:: found: List(sbt.plugins.CorePlugin, sbt.plugins.SerializersPlugin, sbt.plugins.SendEventServicePlugin, sbt.plugins.InteractionServicePlugin, sbt.plugins.IvyPlugin, sbt.plugins.JvmPlugin, sbt.plugins.BackgroundRunPlugin, sbt.plugins.JUnitXmlReportPlugin) not found List()
  :: sorted deduced result: List(sbt.plugins.CorePlugin, sbt.plugins.SerializersPlugin, sbt.plugins.SendEventServicePlugin, sbt.plugins.InteractionServicePlugin, sbt.plugins.IvyPlugin, sbt.plugins.JvmPlugin, sbt.plugins.BackgroundRunPlugin, sbt.plugins.JUnitXmlReportPlugin)
[Loading] Done in /Users/harshitha.suresh/hello-akka-java8, returning: (hello-akka-java8)
Set current project to hello-akka-java8 (in build file:/Users/harshitha.suresh/hello-akka-java8/)
Reapplying settings...
Set current project to hello-akka-java8 (in build file:/Users/harshitha.suresh/hello-akka-java8/)
> iflast shell
> server-send-ready-for-request
> server-handle-next-server-request
> {file:/Users/harshitha.suresh/hello-akka-java8/}hello-akka-java8/compile:mainClass
Evaluating tasks: compile:mainClass
Running task... Cancel: sbt.server.ServerTaskCancellation@6d4fc288, check cycles: false
Read from stdout: Updating {file:/Users/harshitha.suresh/hello-akka-java8/}hello-akka-java8...
Updating {file:/Users/harshitha.suresh/hello-akka-java8/}hello-akka-java8...
Other repositories:
Default repositories:
Using inline dependencies specified in Scala.
:: resolving dependencies :: default#hello-akka-java8_2.10;1.0
	confs: [compile, runtime, test, provided, optional, compile-internal, runtime-internal, test-internal, plugin, sources, docs, pom, scala-tool]
	validate = true
	refresh = false
resolving dependencies for configuration 'compile'
== resolving dependencies for default#hello-akka-java8_2.10;1.0 [compile]
== resolving dependencies default#hello-akka-java8_2.10;1.0->org.scala-lang#scala-library;2.10.3 [compile->default(compile)]
Read from stdout: Resolving org.scala-lang#scala-library;2.10.3 ...
Resolving org.scala-lang#scala-library;2.10.3 ...
sbt-chain: Checking cache for: sbt.ivyint.MergedDescriptors@5f227be1
Read from stdout: Resolving org.scala-lang#scala-library;2.10.3 ...
Resolving org.scala-lang#scala-library;2.10.3 ...
sbt-chain-delegate: Checking cache for: sbt.ivyint.MergedDescriptors@5f227be1
		tried /Users/harshitha.suresh/.ivy2/local/org.scala-lang/scala-library/2.10.3/ivys/ivy.xml
	local: no ivy file found for org.scala-lang#scala-library;2.10.3
		tried /Users/harshitha.suresh/.activator/repository/org.scala-lang/scala-library/2.10.3/ivys/ivy.xml
	activator-launcher-local: no ivy file found for org.scala-lang#scala-library;2.10.3
		tried /Users/harshitha.suresh/Documents/Software/activator-dist-1.3.5/repository/org.scala-lang/scala-library/2.10.3/ivys/ivy.xml
	activator-local: found md file for org.scala-lang#scala-library;2.10.3
		=> /Users/harshitha.suresh/Documents/Software/activator-dist-1.3.5/repository/org.scala-lang/scala-library/2.10.3/ivys/ivy.xml (2.10.3)
	[NOT REQUIRED] org.scala-lang#scala-library;2.10.3!ivy.xml(ivy.original)
	found org.scala-lang#scala-library;2.10.3 in activator-local
	[2.10.3] org.scala-lang#scala-library;2.10.3
== resolving dependencies default#hello-akka-java8_2.10;1.0->org.scala-lang#scala-library;2.10.3 [compile->runtime]
== resolving dependencies default#hello-akka-java8_2.10;1.0->org.scala-lang#scala-library;2.10.3 [compile->compile]
== resolving dependencies default#hello-akka-java8_2.10;1.0->org.scala-lang#scala-library;2.10.3 [compile->master]
== resolving dependencies default#hello-akka-java8_2.10;1.0->com.typesafe.akka#akka-actor_2.10;2.3.1 [compile->default(compile)]
Read from stdout: Resolving com.typesafe.akka#akka-actor_2.10;2.3.1 ...
Resolving com.typesafe.akka#akka-actor_2.10;2.3.1 ...
sbt-chain: Checking cache for: dependency: com.typesafe.akka#akka-actor_2.10;2.3.1 {compile=[default(compile)]}
Read from stdout: Resolving com.typesafe.akka#akka-actor_2.10;2.3.1 ...
Resolving com.typesafe.akka#akka-actor_2.10;2.3.1 ...
sbt-chain-delegate: Checking cache for: dependency: com.typesafe.akka#akka-actor_2.10;2.3.1 {compile=[default(compile)]}
		tried /Users/harshitha.suresh/.ivy2/local/com.typesafe.akka/akka-actor_2.10/2.3.1/ivys/ivy.xml
	local: no ivy file found for com.typesafe.akka#akka-actor_2.10;2.3.1
		tried /Users/harshitha.suresh/.activator/repository/com.typesafe.akka/akka-actor_2.10/2.3.1/ivys/ivy.xml
	activator-launcher-local: no ivy file found for com.typesafe.akka#akka-actor_2.10;2.3.1
		tried /Users/harshitha.suresh/Documents/Software/activator-dist-1.3.5/repository/com.typesafe.akka/akka-actor_2.10/2.3.1/ivys/ivy.xml
	activator-local: no ivy file found for com.typesafe.akka#akka-actor_2.10;2.3.1
		tried https://repo1.maven.org/maven2/com/typesafe/akka/akka-actor_2.10/2.3.1/akka-actor_2.10-2.3.1.pom
	public: found md file for com.typesafe.akka#akka-actor_2.10;2.3.1
		=> https://repo1.maven.org/maven2/com/typesafe/akka/akka-actor_2.10/2.3.1/akka-actor_2.10-2.3.1.pom (2.3.1)
downloading https://repo1.maven.org/maven2/com/typesafe/akka/akka-actor_2.10/2.3.1/akka-actor_2.10-2.3.1.pom ...
	public: downloading https://repo1.maven.org/maven2/com/typesafe/akka/akka-actor_2.10/2.3.1/akka-actor_2.10-2.3.1.pom
	public: downloading https://repo1.maven.org/maven2/com/typesafe/akka/akka-actor_2.10/2.3.1/akka-actor_2.10-2.3.1.pom.sha1
sha1 OK for https://repo1.maven.org/maven2/com/typesafe/akka/akka-actor_2.10/2.3.1/akka-actor_2.10-2.3.1.pom
	[SUCCESSFUL ] com.typesafe.akka#akka-actor_2.10;2.3.1!akka-actor_2.10.pom(pom.original) (264ms)
		tried /Users/harshitha.suresh/.ivy2/local/com.typesafe.akka/akka-actor_2.10/2.3.1/jars/akka-actor_2.10.jar
		tried /Users/harshitha.suresh/.activator/repository/com.typesafe.akka/akka-actor_2.10/2.3.1/jars/akka-actor_2.10.jar
		tried /Users/harshitha.suresh/Documents/Software/activator-dist-1.3.5/repository/com.typesafe.akka/akka-actor_2.10/2.3.1/jars/akka-actor_2.10.jar
		tried https://repo1.maven.org/maven2/com/typesafe/akka/akka-actor_2.10/2.3.1/akka-actor_2.10-2.3.1.jar
	found com.typesafe.akka#akka-actor_2.10;2.3.1 in public
== resolving dependencies default#hello-akka-java8_2.10;1.0->com.typesafe.akka#akka-actor_2.10;2.3.1 [compile->runtime]
== resolving dependencies default#hello-akka-java8_2.10;1.0->com.typesafe.akka#akka-actor_2.10;2.3.1 [compile->compile]
== resolving dependencies com.typesafe.akka#akka-actor_2.10;2.3.1->org.scala-lang#scala-library;2.10.3 [compile->master(compile)]
== resolving dependencies com.typesafe.akka#akka-actor_2.10;2.3.1->org.scala-lang#scala-library;2.10.3 [compile->compile(*)]
== resolving dependencies com.typesafe.akka#akka-actor_2.10;2.3.1->org.scala-lang#scala-library;2.10.3 [compile->runtime(*)]
== resolving dependencies com.typesafe.akka#akka-actor_2.10;2.3.1->org.scala-lang#scala-library;2.10.3 [compile->compile]
== resolving dependencies com.typesafe.akka#akka-actor_2.10;2.3.1->com.typesafe#config;1.2.0 [compile->master(compile)]
Read from stdout: Resolving com.typesafe#config;1.2.0 ...
Resolving com.typesafe#config;1.2.0 ...
sbt-chain: Checking cache for: dependency: com.typesafe#config;1.2.0 {compile=[compile(*), master(compile)], runtime=[runtime(*)]}
Read from stdout: Resolving com.typesafe#config;1.2.0 ...
Resolving com.typesafe#config;1.2.0 ...
sbt-chain-delegate: Checking cache for: dependency: com.typesafe#config;1.2.0 {compile=[compile(*), master(compile)], runtime=[runtime(*)]}
		tried /Users/harshitha.suresh/.ivy2/local/com.typesafe/config/1.2.0/ivys/ivy.xml
	local: no ivy file found for com.typesafe#config;1.2.0
		tried /Users/harshitha.suresh/.activator/repository/com.typesafe/config/1.2.0/ivys/ivy.xml
	activator-launcher-local: no ivy file found for com.typesafe#config;1.2.0
		tried /Users/harshitha.suresh/Documents/Software/activator-dist-1.3.5/repository/com.typesafe/config/1.2.0/ivys/ivy.xml
	activator-local: found md file for com.typesafe#config;1.2.0
		=> /Users/harshitha.suresh/Documents/Software/activator-dist-1.3.5/repository/com.typesafe/config/1.2.0/ivys/ivy.xml (1.2.0)
	[NOT REQUIRED] com.typesafe#config;1.2.0!ivy.xml(ivy.original)
	found com.typesafe#config;1.2.0 in activator-local
== resolving dependencies com.typesafe.akka#akka-actor_2.10;2.3.1->com.typesafe#config;1.2.0 [compile->compile(*)]
== resolving dependencies com.typesafe.akka#akka-actor_2.10;2.3.1->com.typesafe#config;1.2.0 [compile->runtime(*)]
== resolving dependencies com.typesafe.akka#akka-actor_2.10;2.3.1->com.typesafe#config;1.2.0 [compile->compile]
== resolving dependencies com.typesafe.akka#akka-actor_2.10;2.3.1->org.scala-lang#scala-library;2.10.3 [runtime->runtime(*)]
== resolving dependencies com.typesafe.akka#akka-actor_2.10;2.3.1->org.scala-lang#scala-library;2.10.3 [runtime->compile]
== resolving dependencies com.typesafe.akka#akka-actor_2.10;2.3.1->com.typesafe#config;1.2.0 [runtime->runtime(*)]
== resolving dependencies com.typesafe.akka#akka-actor_2.10;2.3.1->com.typesafe#config;1.2.0 [runtime->compile]
== resolving dependencies default#hello-akka-java8_2.10;1.0->com.typesafe.akka#akka-actor_2.10;2.3.1 [compile->master]
resolving dependencies for configuration 'runtime'
== resolving dependencies for default#hello-akka-java8_2.10;1.0 [runtime]
== resolving dependencies for default#hello-akka-java8_2.10;1.0 [compile]
== resolving dependencies default#hello-akka-java8_2.10;1.0->org.scala-lang#scala-library;2.10.3 [compile->default(compile)]
== resolving dependencies default#hello-akka-java8_2.10;1.0->org.scala-lang#scala-library;2.10.3 [compile->runtime]
== resolving dependencies default#hello-akka-java8_2.10;1.0->org.scala-lang#scala-library;2.10.3 [compile->compile]
== resolving dependencies default#hello-akka-java8_2.10;1.0->org.scala-lang#scala-library;2.10.3 [compile->master]
== resolving dependencies default#hello-akka-java8_2.10;1.0->com.typesafe.akka#akka-actor_2.10;2.3.1 [compile->default(compile)]
== resolving dependencies default#hello-akka-java8_2.10;1.0->com.typesafe.akka#akka-actor_2.10;2.3.1 [compile->runtime]
== resolving dependencies default#hello-akka-java8_2.10;1.0->com.typesafe.akka#akka-actor_2.10;2.3.1 [compile->compile]
== resolving dependencies com.typesafe.akka#akka-actor_2.10;2.3.1->org.scala-lang#scala-library;2.10.3 [compile->master(compile)]
== resolving dependencies com.typesafe.akka#akka-actor_2.10;2.3.1->org.scala-lang#scala-library;2.10.3 [compile->compile(*)]
== resolving dependencies com.typesafe.akka#akka-actor_2.10;2.3.1->com.typesafe#config;1.2.0 [compile->master(compile)]
== resolving dependencies com.typesafe.akka#akka-actor_2.10;2.3.1->com.typesafe#config;1.2.0 [compile->compile(*)]
== resolving dependencies com.typesafe.akka#akka-actor_2.10;2.3.1->org.scala-lang#scala-library;2.10.3 [runtime->runtime(*)]
== resolving dependencies com.typesafe.akka#akka-actor_2.10;2.3.1->org.scala-lang#scala-library;2.10.3 [runtime->compile]
== resolving dependencies com.typesafe.akka#akka-actor_2.10;2.3.1->com.typesafe#config;1.2.0 [runtime->runtime(*)]
== resolving dependencies com.typesafe.akka#akka-actor_2.10;2.3.1->com.typesafe#config;1.2.0 [runtime->compile]
== resolving dependencies default#hello-akka-java8_2.10;1.0->com.typesafe.akka#akka-actor_2.10;2.3.1 [compile->master]
resolving dependencies for configuration 'test'
== resolving dependencies for default#hello-akka-java8_2.10;1.0 [test]
== resolving dependencies for default#hello-akka-java8_2.10;1.0 [runtime]
== resolving dependencies for default#hello-akka-java8_2.10;1.0 [compile]
== resolving dependencies default#hello-akka-java8_2.10;1.0->org.scala-lang#scala-library;2.10.3 [compile->default(compile)]
== resolving dependencies default#hello-akka-java8_2.10;1.0->org.scala-lang#scala-library;2.10.3 [compile->runtime]
== resolving dependencies default#hello-akka-java8_2.10;1.0->org.scala-lang#scala-library;2.10.3 [compile->compile]
== resolving dependencies default#hello-akka-java8_2.10;1.0->org.scala-lang#scala-library;2.10.3 [compile->master]
== resolving dependencies default#hello-akka-java8_2.10;1.0->com.typesafe.akka#akka-actor_2.10;2.3.1 [compile->default(compile)]
== resolving dependencies default#hello-akka-java8_2.10;1.0->com.typesafe.akka#akka-actor_2.10;2.3.1 [compile->runtime]
== resolving dependencies default#hello-akka-java8_2.10;1.0->com.typesafe.akka#akka-actor_2.10;2.3.1 [compile->compile]
== resolving dependencies com.typesafe.akka#akka-actor_2.10;2.3.1->org.scala-lang#scala-library;2.10.3 [compile->master(compile)]
== resolving dependencies com.typesafe.akka#akka-actor_2.10;2.3.1->org.scala-lang#scala-library;2.10.3 [compile->compile(*)]
== resolving dependencies com.typesafe.akka#akka-actor_2.10;2.3.1->com.typesafe#config;1.2.0 [compile->master(compile)]
== resolving dependencies com.typesafe.akka#akka-actor_2.10;2.3.1->com.typesafe#config;1.2.0 [compile->compile(*)]
== resolving dependencies com.typesafe.akka#akka-actor_2.10;2.3.1->org.scala-lang#scala-library;2.10.3 [runtime->runtime(*)]
== resolving dependencies com.typesafe.akka#akka-actor_2.10;2.3.1->org.scala-lang#scala-library;2.10.3 [runtime->compile]
== resolving dependencies com.typesafe.akka#akka-actor_2.10;2.3.1->com.typesafe#config;1.2.0 [runtime->runtime(*)]
== resolving dependencies com.typesafe.akka#akka-actor_2.10;2.3.1->com.typesafe#config;1.2.0 [runtime->compile]
== resolving dependencies default#hello-akka-java8_2.10;1.0->com.typesafe.akka#akka-actor_2.10;2.3.1 [compile->master]
resolving dependencies for configuration 'provided'
== resolving dependencies for default#hello-akka-java8_2.10;1.0 [provided]
resolving dependencies for configuration 'optional'
== resolving dependencies for default#hello-akka-java8_2.10;1.0 [optional]
resolving dependencies for configuration 'compile-internal'
== resolving dependencies for default#hello-akka-java8_2.10;1.0 [compile-internal]
== resolving dependencies for default#hello-akka-java8_2.10;1.0 [compile]
== resolving dependencies default#hello-akka-java8_2.10;1.0->org.scala-lang#scala-library;2.10.3 [compile->default(compile)]
== resolving dependencies default#hello-akka-java8_2.10;1.0->org.scala-lang#scala-library;2.10.3 [compile->runtime]
== resolving dependencies default#hello-akka-java8_2.10;1.0->org.scala-lang#scala-library;2.10.3 [compile->compile]
== resolving dependencies default#hello-akka-java8_2.10;1.0->org.scala-lang#scala-library;2.10.3 [compile->master]
== resolving dependencies default#hello-akka-java8_2.10;1.0->com.typesafe.akka#akka-actor_2.10;2.3.1 [compile->default(compile)]
== resolving dependencies default#hello-akka-java8_2.10;1.0->com.typesafe.akka#akka-actor_2.10;2.3.1 [compile->runtime]
== resolving dependencies default#hello-akka-java8_2.10;1.0->com.typesafe.akka#akka-actor_2.10;2.3.1 [compile->compile]
== resolving dependencies com.typesafe.akka#akka-actor_2.10;2.3.1->org.scala-lang#scala-library;2.10.3 [compile->master(compile)]
== resolving dependencies com.typesafe.akka#akka-actor_2.10;2.3.1->org.scala-lang#scala-library;2.10.3 [compile->compile(*)]
== resolving dependencies com.typesafe.akka#akka-actor_2.10;2.3.1->com.typesafe#config;1.2.0 [compile->master(compile)]
== resolving dependencies com.typesafe.akka#akka-actor_2.10;2.3.1->com.typesafe#config;1.2.0 [compile->compile(*)]
== resolving dependencies com.typesafe.akka#akka-actor_2.10;2.3.1->org.scala-lang#scala-library;2.10.3 [runtime->runtime(*)]
== resolving dependencies com.typesafe.akka#akka-actor_2.10;2.3.1->org.scala-lang#scala-library;2.10.3 [runtime->compile]
== resolving dependencies com.typesafe.akka#akka-actor_2.10;2.3.1->com.typesafe#config;1.2.0 [runtime->runtime(*)]
== resolving dependencies com.typesafe.akka#akka-actor_2.10;2.3.1->com.typesafe#config;1.2.0 [runtime->compile]
== resolving dependencies default#hello-akka-java8_2.10;1.0->com.typesafe.akka#akka-actor_2.10;2.3.1 [compile->master]
== resolving dependencies for default#hello-akka-java8_2.10;1.0 [optional]
== resolving dependencies for default#hello-akka-java8_2.10;1.0 [provided]
resolving dependencies for configuration 'runtime-internal'
== resolving dependencies for default#hello-akka-java8_2.10;1.0 [runtime-internal]
== resolving dependencies for default#hello-akka-java8_2.10;1.0 [runtime]
== resolving dependencies for default#hello-akka-java8_2.10;1.0 [compile]
== resolving dependencies default#hello-akka-java8_2.10;1.0->org.scala-lang#scala-library;2.10.3 [compile->default(compile)]
== resolving dependencies default#hello-akka-java8_2.10;1.0->org.scala-lang#scala-library;2.10.3 [compile->runtime]
== resolving dependencies default#hello-akka-java8_2.10;1.0->org.scala-lang#scala-library;2.10.3 [compile->compile]
== resolving dependencies default#hello-akka-java8_2.10;1.0->org.scala-lang#scala-library;2.10.3 [compile->master]
== resolving dependencies default#hello-akka-java8_2.10;1.0->com.typesafe.akka#akka-actor_2.10;2.3.1 [compile->default(compile)]
== resolving dependencies default#hello-akka-java8_2.10;1.0->com.typesafe.akka#akka-actor_2.10;2.3.1 [compile->runtime]
== resolving dependencies default#hello-akka-java8_2.10;1.0->com.typesafe.akka#akka-actor_2.10;2.3.1 [compile->compile]
== resolving dependencies com.typesafe.akka#akka-actor_2.10;2.3.1->org.scala-lang#scala-library;2.10.3 [compile->master(compile)]
== resolving dependencies com.typesafe.akka#akka-actor_2.10;2.3.1->org.scala-lang#scala-library;2.10.3 [compile->compile(*)]
== resolving dependencies com.typesafe.akka#akka-actor_2.10;2.3.1->com.typesafe#config;1.2.0 [compile->master(compile)]
== resolving dependencies com.typesafe.akka#akka-actor_2.10;2.3.1->com.typesafe#config;1.2.0 [compile->compile(*)]
== resolving dependencies com.typesafe.akka#akka-actor_2.10;2.3.1->org.scala-lang#scala-library;2.10.3 [runtime->runtime(*)]
== resolving dependencies com.typesafe.akka#akka-actor_2.10;2.3.1->org.scala-lang#scala-library;2.10.3 [runtime->compile]
== resolving dependencies com.typesafe.akka#akka-actor_2.10;2.3.1->com.typesafe#config;1.2.0 [runtime->runtime(*)]
== resolving dependencies com.typesafe.akka#akka-actor_2.10;2.3.1->com.typesafe#config;1.2.0 [runtime->compile]
== resolving dependencies default#hello-akka-java8_2.10;1.0->com.typesafe.akka#akka-actor_2.10;2.3.1 [compile->master]
== resolving dependencies for default#hello-akka-java8_2.10;1.0 [optional]
resolving dependencies for configuration 'test-internal'
== resolving dependencies for default#hello-akka-java8_2.10;1.0 [test-internal]
== resolving dependencies for default#hello-akka-java8_2.10;1.0 [test]
== resolving dependencies for default#hello-akka-java8_2.10;1.0 [runtime]
== resolving dependencies for default#hello-akka-java8_2.10;1.0 [compile]
== resolving dependencies default#hello-akka-java8_2.10;1.0->org.scala-lang#scala-library;2.10.3 [compile->default(compile)]
== resolving dependencies default#hello-akka-java8_2.10;1.0->org.scala-lang#scala-library;2.10.3 [compile->runtime]
== resolving dependencies default#hello-akka-java8_2.10;1.0->org.scala-lang#scala-library;2.10.3 [compile->compile]
== resolving dependencies default#hello-akka-java8_2.10;1.0->org.scala-lang#scala-library;2.10.3 [compile->master]
== resolving dependencies default#hello-akka-java8_2.10;1.0->com.typesafe.akka#akka-actor_2.10;2.3.1 [compile->default(compile)]
== resolving dependencies default#hello-akka-java8_2.10;1.0->com.typesafe.akka#akka-actor_2.10;2.3.1 [compile->runtime]
== resolving dependencies default#hello-akka-java8_2.10;1.0->com.typesafe.akka#akka-actor_2.10;2.3.1 [compile->compile]
== resolving dependencies com.typesafe.akka#akka-actor_2.10;2.3.1->org.scala-lang#scala-library;2.10.3 [compile->master(compile)]
== resolving dependencies com.typesafe.akka#akka-actor_2.10;2.3.1->org.scala-lang#scala-library;2.10.3 [compile->compile(*)]
== resolving dependencies com.typesafe.akka#akka-actor_2.10;2.3.1->com.typesafe#config;1.2.0 [compile->master(compile)]
== resolving dependencies com.typesafe.akka#akka-actor_2.10;2.3.1->com.typesafe#config;1.2.0 [compile->compile(*)]
== resolving dependencies com.typesafe.akka#akka-actor_2.10;2.3.1->org.scala-lang#scala-library;2.10.3 [runtime->runtime(*)]
== resolving dependencies com.typesafe.akka#akka-actor_2.10;2.3.1->org.scala-lang#scala-library;2.10.3 [runtime->compile]
== resolving dependencies com.typesafe.akka#akka-actor_2.10;2.3.1->com.typesafe#config;1.2.0 [runtime->runtime(*)]
== resolving dependencies com.typesafe.akka#akka-actor_2.10;2.3.1->com.typesafe#config;1.2.0 [runtime->compile]
== resolving dependencies default#hello-akka-java8_2.10;1.0->com.typesafe.akka#akka-actor_2.10;2.3.1 [compile->master]
== resolving dependencies for default#hello-akka-java8_2.10;1.0 [optional]
== resolving dependencies for default#hello-akka-java8_2.10;1.0 [provided]
resolving dependencies for configuration 'plugin'
== resolving dependencies for default#hello-akka-java8_2.10;1.0 [plugin]
resolving dependencies for configuration 'sources'
== resolving dependencies for default#hello-akka-java8_2.10;1.0 [sources]
resolving dependencies for configuration 'docs'
== resolving dependencies for default#hello-akka-java8_2.10;1.0 [docs]
resolving dependencies for configuration 'pom'
== resolving dependencies for default#hello-akka-java8_2.10;1.0 [pom]
resolving dependencies for configuration 'scala-tool'
== resolving dependencies for default#hello-akka-java8_2.10;1.0 [scala-tool]
== resolving dependencies default#hello-akka-java8_2.10;1.0->org.scala-lang#scala-compiler;2.10.3 [scala-tool->default]
Read from stdout: Resolving org.scala-lang#scala-compiler;2.10.3 ...
Resolving org.scala-lang#scala-compiler;2.10.3 ...
sbt-chain: Checking cache for: dependency: org.scala-lang#scala-compiler;2.10.3 {scala-tool=[default, optional(default)]}
Read from stdout: Resolving org.scala-lang#scala-compiler;2.10.3 ...
Resolving org.scala-lang#scala-compiler;2.10.3 ...
sbt-chain-delegate: Checking cache for: dependency: org.scala-lang#scala-compiler;2.10.3 {scala-tool=[default, optional(default)]}
		tried /Users/harshitha.suresh/.ivy2/local/org.scala-lang/scala-compiler/2.10.3/ivys/ivy.xml
	local: no ivy file found for org.scala-lang#scala-compiler;2.10.3
		tried /Users/harshitha.suresh/.activator/repository/org.scala-lang/scala-compiler/2.10.3/ivys/ivy.xml
	activator-launcher-local: no ivy file found for org.scala-lang#scala-compiler;2.10.3
		tried /Users/harshitha.suresh/Documents/Software/activator-dist-1.3.5/repository/org.scala-lang/scala-compiler/2.10.3/ivys/ivy.xml
	activator-local: no ivy file found for org.scala-lang#scala-compiler;2.10.3
		tried https://repo1.maven.org/maven2/org/scala-lang/scala-compiler/2.10.3/scala-compiler-2.10.3.pom
	public: found md file for org.scala-lang#scala-compiler;2.10.3
		=> https://repo1.maven.org/maven2/org/scala-lang/scala-compiler/2.10.3/scala-compiler-2.10.3.pom (2.10.3)
downloading https://repo1.maven.org/maven2/org/scala-lang/scala-compiler/2.10.3/scala-compiler-2.10.3.pom ...
	public: downloading https://repo1.maven.org/maven2/org/scala-lang/scala-compiler/2.10.3/scala-compiler-2.10.3.pom
	public: downloading https://repo1.maven.org/maven2/org/scala-lang/scala-compiler/2.10.3/scala-compiler-2.10.3.pom.sha1
sha1 OK for https://repo1.maven.org/maven2/org/scala-lang/scala-compiler/2.10.3/scala-compiler-2.10.3.pom
	[SUCCESSFUL ] org.scala-lang#scala-compiler;2.10.3!scala-compiler.pom(pom.original) (288ms)
		tried /Users/harshitha.suresh/.ivy2/local/org.scala-lang/scala-compiler/2.10.3/jars/scala-compiler.jar
		tried /Users/harshitha.suresh/.activator/repository/org.scala-lang/scala-compiler/2.10.3/jars/scala-compiler.jar
		tried /Users/harshitha.suresh/Documents/Software/activator-dist-1.3.5/repository/org.scala-lang/scala-compiler/2.10.3/jars/scala-compiler.jar
		tried https://repo1.maven.org/maven2/org/scala-lang/scala-compiler/2.10.3/scala-compiler-2.10.3.jar
	found org.scala-lang#scala-compiler;2.10.3 in public
== resolving dependencies default#hello-akka-java8_2.10;1.0->org.scala-lang#scala-compiler;2.10.3 [scala-tool->runtime]
== resolving dependencies default#hello-akka-java8_2.10;1.0->org.scala-lang#scala-compiler;2.10.3 [scala-tool->compile]
== resolving dependencies org.scala-lang#scala-compiler;2.10.3->org.scala-lang#scala-library;2.10.3 [compile->master(compile)]
== resolving dependencies org.scala-lang#scala-compiler;2.10.3->org.scala-lang#scala-library;2.10.3 [compile->compile(*)]
== resolving dependencies org.scala-lang#scala-compiler;2.10.3->org.scala-lang#scala-library;2.10.3 [compile->default]
== resolving dependencies org.scala-lang#scala-compiler;2.10.3->org.scala-lang#scala-library;2.10.3 [compile->runtime]
== resolving dependencies org.scala-lang#scala-compiler;2.10.3->org.scala-lang#scala-library;2.10.3 [compile->compile]
== resolving dependencies org.scala-lang#scala-compiler;2.10.3->org.scala-lang#scala-library;2.10.3 [compile->master]
== resolving dependencies org.scala-lang#scala-compiler;2.10.3->org.scala-lang#scala-library;2.10.3 [compile->optional(default)]
== resolving dependencies org.scala-lang#scala-compiler;2.10.3->org.scala-lang#scala-reflect;2.10.3 [compile->master(compile)]
Read from stdout: Resolving org.scala-lang#scala-reflect;2.10.3 ...
Resolving org.scala-lang#scala-reflect;2.10.3 ...
sbt-chain: Checking cache for: dependency: org.scala-lang#scala-reflect;2.10.3 {compile=[compile(*), master(compile)], runtime=[runtime(*)]}
Read from stdout: Resolving org.scala-lang#scala-reflect;2.10.3 ...
Resolving org.scala-lang#scala-reflect;2.10.3 ...
sbt-chain-delegate: Checking cache for: dependency: org.scala-lang#scala-reflect;2.10.3 {compile=[compile(*), master(compile)], runtime=[runtime(*)]}
		tried /Users/harshitha.suresh/.ivy2/local/org.scala-lang/scala-reflect/2.10.3/ivys/ivy.xml
	local: no ivy file found for org.scala-lang#scala-reflect;2.10.3
		tried /Users/harshitha.suresh/.activator/repository/org.scala-lang/scala-reflect/2.10.3/ivys/ivy.xml
	activator-launcher-local: no ivy file found for org.scala-lang#scala-reflect;2.10.3
		tried /Users/harshitha.suresh/Documents/Software/activator-dist-1.3.5/repository/org.scala-lang/scala-reflect/2.10.3/ivys/ivy.xml
	activator-local: no ivy file found for org.scala-lang#scala-reflect;2.10.3
		tried https://repo1.maven.org/maven2/org/scala-lang/scala-reflect/2.10.3/scala-reflect-2.10.3.pom
	public: found md file for org.scala-lang#scala-reflect;2.10.3
		=> https://repo1.maven.org/maven2/org/scala-lang/scala-reflect/2.10.3/scala-reflect-2.10.3.pom (2.10.3)
downloading https://repo1.maven.org/maven2/org/scala-lang/scala-reflect/2.10.3/scala-reflect-2.10.3.pom ...
	public: downloading https://repo1.maven.org/maven2/org/scala-lang/scala-reflect/2.10.3/scala-reflect-2.10.3.pom
	public: downloading https://repo1.maven.org/maven2/org/scala-lang/scala-reflect/2.10.3/scala-reflect-2.10.3.pom.sha1
sha1 OK for https://repo1.maven.org/maven2/org/scala-lang/scala-reflect/2.10.3/scala-reflect-2.10.3.pom
	[SUCCESSFUL ] org.scala-lang#scala-reflect;2.10.3!scala-reflect.pom(pom.original) (266ms)
		tried /Users/harshitha.suresh/.ivy2/local/org.scala-lang/scala-reflect/2.10.3/jars/scala-reflect.jar
		tried /Users/harshitha.suresh/.activator/repository/org.scala-lang/scala-reflect/2.10.3/jars/scala-reflect.jar
		tried /Users/harshitha.suresh/Documents/Software/activator-dist-1.3.5/repository/org.scala-lang/scala-reflect/2.10.3/jars/scala-reflect.jar
		tried https://repo1.maven.org/maven2/org/scala-lang/scala-reflect/2.10.3/scala-reflect-2.10.3.jar
	found org.scala-lang#scala-reflect;2.10.3 in public
	[2.10.3] org.scala-lang#scala-reflect;2.10.3
== resolving dependencies org.scala-lang#scala-compiler;2.10.3->org.scala-lang#scala-reflect;2.10.3 [compile->compile(*)]
== resolving dependencies org.scala-lang#scala-reflect;2.10.3->org.scala-lang#scala-library;2.10.3 [compile->master(compile)]
== resolving dependencies org.scala-lang#scala-reflect;2.10.3->org.scala-lang#scala-library;2.10.3 [compile->compile(*)]
== resolving dependencies org.scala-lang#scala-compiler;2.10.3->org.scala-lang#scala-reflect;2.10.3 [compile->runtime(*)]
== resolving dependencies org.scala-lang#scala-compiler;2.10.3->org.scala-lang#scala-reflect;2.10.3 [compile->compile]
== resolving dependencies org.scala-lang#scala-reflect;2.10.3->org.scala-lang#scala-library;2.10.3 [runtime->runtime(*)]
== resolving dependencies org.scala-lang#scala-reflect;2.10.3->org.scala-lang#scala-library;2.10.3 [runtime->compile]
== resolving dependencies org.scala-lang#scala-compiler;2.10.3->org.scala-lang#scala-library;2.10.3 [runtime->runtime(*)]
== resolving dependencies org.scala-lang#scala-compiler;2.10.3->org.scala-lang#scala-library;2.10.3 [runtime->compile]
== resolving dependencies org.scala-lang#scala-compiler;2.10.3->org.scala-lang#scala-reflect;2.10.3 [runtime->runtime(*)]
== resolving dependencies org.scala-lang#scala-compiler;2.10.3->org.scala-lang#scala-reflect;2.10.3 [runtime->compile]
== resolving dependencies default#hello-akka-java8_2.10;1.0->org.scala-lang#scala-compiler;2.10.3 [scala-tool->master]
== resolving dependencies default#hello-akka-java8_2.10;1.0->org.scala-lang#scala-compiler;2.10.3 [scala-tool->optional(default)]
== resolving dependencies org.scala-lang#scala-compiler;2.10.3->org.scala-lang#jline;2.10.3 [optional->master(compile)]
Read from stdout: Resolving org.scala-lang#jline;2.10.3 ...
Resolving org.scala-lang#jline;2.10.3 ...
sbt-chain: Checking cache for: dependency: org.scala-lang#jline;2.10.3 {optional=[compile(*), master(compile)]}
Read from stdout: Resolving org.scala-lang#jline;2.10.3 ...
Resolving org.scala-lang#jline;2.10.3 ...
sbt-chain-delegate: Checking cache for: dependency: org.scala-lang#jline;2.10.3 {optional=[compile(*), master(compile)]}
		tried /Users/harshitha.suresh/.ivy2/local/org.scala-lang/jline/2.10.3/ivys/ivy.xml
	local: no ivy file found for org.scala-lang#jline;2.10.3
		tried /Users/harshitha.suresh/.activator/repository/org.scala-lang/jline/2.10.3/ivys/ivy.xml
	activator-launcher-local: no ivy file found for org.scala-lang#jline;2.10.3
		tried /Users/harshitha.suresh/Documents/Software/activator-dist-1.3.5/repository/org.scala-lang/jline/2.10.3/ivys/ivy.xml
	activator-local: no ivy file found for org.scala-lang#jline;2.10.3
		tried https://repo1.maven.org/maven2/org/scala-lang/jline/2.10.3/jline-2.10.3.pom
	public: found md file for org.scala-lang#jline;2.10.3
		=> https://repo1.maven.org/maven2/org/scala-lang/jline/2.10.3/jline-2.10.3.pom (2.10.3)
downloading https://repo1.maven.org/maven2/org/scala-lang/jline/2.10.3/jline-2.10.3.pom ...
	public: downloading https://repo1.maven.org/maven2/org/scala-lang/jline/2.10.3/jline-2.10.3.pom
	public: downloading https://repo1.maven.org/maven2/org/scala-lang/jline/2.10.3/jline-2.10.3.pom.sha1
sha1 OK for https://repo1.maven.org/maven2/org/scala-lang/jline/2.10.3/jline-2.10.3.pom
	[SUCCESSFUL ] org.scala-lang#jline;2.10.3!jline.pom(pom.original) (283ms)
		tried /Users/harshitha.suresh/.ivy2/local/org.scala-lang/jline/2.10.3/jars/jline.jar
		tried /Users/harshitha.suresh/.activator/repository/org.scala-lang/jline/2.10.3/jars/jline.jar
		tried /Users/harshitha.suresh/Documents/Software/activator-dist-1.3.5/repository/org.scala-lang/jline/2.10.3/jars/jline.jar
		tried https://repo1.maven.org/maven2/org/scala-lang/jline/2.10.3/jline-2.10.3.jar
	found org.scala-lang#jline;2.10.3 in public
== resolving dependencies org.scala-lang#scala-compiler;2.10.3->org.scala-lang#jline;2.10.3 [optional->compile(*)]
== resolving dependencies org.scala-lang#jline;2.10.3->org.fusesource.jansi#jansi;1.4 [compile->master(compile)]
Read from stdout: Resolving org.fusesource.jansi#jansi;1.4 ...
Resolving org.fusesource.jansi#jansi;1.4 ...
sbt-chain: Checking cache for: dependency: org.fusesource.jansi#jansi;1.4 {compile=[compile(*), master(compile)], runtime=[runtime(*)]}
sbt-chain: module revision found in cache: org.fusesource.jansi#jansi;1.4
	found org.fusesource.jansi#jansi;1.4 in sbt-chain
== resolving dependencies org.scala-lang#jline;2.10.3->org.fusesource.jansi#jansi;1.4 [compile->compile(*)]
== resolving dependencies default#hello-akka-java8_2.10;1.0->org.scala-lang#scala-library;2.10.3 [scala-tool->default]
== resolving dependencies default#hello-akka-java8_2.10;1.0->org.scala-lang#scala-library;2.10.3 [scala-tool->runtime]
== resolving dependencies default#hello-akka-java8_2.10;1.0->org.scala-lang#scala-library;2.10.3 [scala-tool->compile]
== resolving dependencies default#hello-akka-java8_2.10;1.0->org.scala-lang#scala-library;2.10.3 [scala-tool->master]
== resolving dependencies default#hello-akka-java8_2.10;1.0->org.scala-lang#scala-library;2.10.3 [scala-tool->optional(default)]
	resolved ivy file produced in cache
:: downloading artifacts ::
		tried /Users/harshitha.suresh/Documents/Software/activator-dist-1.3.5/repository/org.scala-lang/scala-library/2.10.3/jars/scala-library.jar
	[NOT REQUIRED] org.scala-lang#scala-library;2.10.3!scala-library.jar
		tried https://repo1.maven.org/maven2/com/typesafe/akka/akka-actor_2.10/2.3.1/akka-actor_2.10-2.3.1.jar
Read from stdout: downloading https://repo1.maven.org/maven2/com/typesafe/akka/akka-actor_2.10/2.3.1/akka-actor_2.10-2.3.1.jar ...
downloading https://repo1.maven.org/maven2/com/typesafe/akka/akka-actor_2.10/2.3.1/akka-actor_2.10-2.3.1.jar ...
	public: downloading https://repo1.maven.org/maven2/com/typesafe/akka/akka-actor_2.10/2.3.1/akka-actor_2.10-2.3.1.jar
	public: downloading https://repo1.maven.org/maven2/com/typesafe/akka/akka-actor_2.10/2.3.1/akka-actor_2.10-2.3.1.jar.sha1
sha1 OK for https://repo1.maven.org/maven2/com/typesafe/akka/akka-actor_2.10/2.3.1/akka-actor_2.10-2.3.1.jar
Read from stdout: 	[SUCCESSFUL ] com.typesafe.akka#akka-actor_2.10;2.3.1!akka-actor_2.10.jar (1929ms)
	[SUCCESSFUL ] com.typesafe.akka#akka-actor_2.10;2.3.1!akka-actor_2.10.jar (1929ms)
		tried /Users/harshitha.suresh/Documents/Software/activator-dist-1.3.5/repository/com.typesafe/config/1.2.0/bundles/config.jar
	[NOT REQUIRED] com.typesafe#config;1.2.0!config.jar(bundle)
		tried https://repo1.maven.org/maven2/org/scala-lang/scala-compiler/2.10.3/scala-compiler-2.10.3.jar
Read from stdout: downloading https://repo1.maven.org/maven2/org/scala-lang/scala-compiler/2.10.3/scala-compiler-2.10.3.jar ...
downloading https://repo1.maven.org/maven2/org/scala-lang/scala-compiler/2.10.3/scala-compiler-2.10.3.jar ...
	public: downloading https://repo1.maven.org/maven2/org/scala-lang/scala-compiler/2.10.3/scala-compiler-2.10.3.jar
	public: downloading https://repo1.maven.org/maven2/org/scala-lang/scala-compiler/2.10.3/scala-compiler-2.10.3.jar.sha1
sha1 OK for https://repo1.maven.org/maven2/org/scala-lang/scala-compiler/2.10.3/scala-compiler-2.10.3.jar
Read from stdout: 	[SUCCESSFUL ] org.scala-lang#scala-compiler;2.10.3!scala-compiler.jar (4528ms)
	[SUCCESSFUL ] org.scala-lang#scala-compiler;2.10.3!scala-compiler.jar (4528ms)
		tried https://repo1.maven.org/maven2/org/scala-lang/scala-reflect/2.10.3/scala-reflect-2.10.3.jar
Read from stdout: downloading https://repo1.maven.org/maven2/org/scala-lang/scala-reflect/2.10.3/scala-reflect-2.10.3.jar ...
downloading https://repo1.maven.org/maven2/org/scala-lang/scala-reflect/2.10.3/scala-reflect-2.10.3.jar ...
	public: downloading https://repo1.maven.org/maven2/org/scala-lang/scala-reflect/2.10.3/scala-reflect-2.10.3.jar
	public: downloading https://repo1.maven.org/maven2/org/scala-lang/scala-reflect/2.10.3/scala-reflect-2.10.3.jar.sha1
sha1 OK for https://repo1.maven.org/maven2/org/scala-lang/scala-reflect/2.10.3/scala-reflect-2.10.3.jar
Read from stdout: 	[SUCCESSFUL ] org.scala-lang#scala-reflect;2.10.3!scala-reflect.jar (1287ms)
	[SUCCESSFUL ] org.scala-lang#scala-reflect;2.10.3!scala-reflect.jar (1287ms)
		tried https://repo1.maven.org/maven2/org/scala-lang/jline/2.10.3/jline-2.10.3.jar
Read from stdout: downloading https://repo1.maven.org/maven2/org/scala-lang/jline/2.10.3/jline-2.10.3.jar ...
downloading https://repo1.maven.org/maven2/org/scala-lang/jline/2.10.3/jline-2.10.3.jar ...
	public: downloading https://repo1.maven.org/maven2/org/scala-lang/jline/2.10.3/jline-2.10.3.jar
	public: downloading https://repo1.maven.org/maven2/org/scala-lang/jline/2.10.3/jline-2.10.3.jar.sha1
sha1 OK for https://repo1.maven.org/maven2/org/scala-lang/jline/2.10.3/jline-2.10.3.jar
Read from stdout: 	[SUCCESSFUL ] org.scala-lang#jline;2.10.3!jline.jar (314ms)
	[SUCCESSFUL ] org.scala-lang#jline;2.10.3!jline.jar (314ms)
	[NOT REQUIRED] org.fusesource.jansi#jansi;1.4!jansi.jar
:: resolution report :: resolve 3128ms :: artifacts dl 8071ms
	report for default#hello-akka-java8_2.10;1.0 compile produced in /Users/harshitha.suresh/hello-akka-java8/target/resolution-cache/reports/default-hello-akka-java8_2.10-compile.xml
	report for default#hello-akka-java8_2.10;1.0 runtime produced in /Users/harshitha.suresh/hello-akka-java8/target/resolution-cache/reports/default-hello-akka-java8_2.10-runtime.xml
	report for default#hello-akka-java8_2.10;1.0 test produced in /Users/harshitha.suresh/hello-akka-java8/target/resolution-cache/reports/default-hello-akka-java8_2.10-test.xml
	report for default#hello-akka-java8_2.10;1.0 provided produced in /Users/harshitha.suresh/hello-akka-java8/target/resolution-cache/reports/default-hello-akka-java8_2.10-provided.xml
	report for default#hello-akka-java8_2.10;1.0 optional produced in /Users/harshitha.suresh/hello-akka-java8/target/resolution-cache/reports/default-hello-akka-java8_2.10-optional.xml
	report for default#hello-akka-java8_2.10;1.0 compile-internal produced in /Users/harshitha.suresh/hello-akka-java8/target/resolution-cache/reports/default-hello-akka-java8_2.10-compile-internal.xml
	report for default#hello-akka-java8_2.10;1.0 runtime-internal produced in /Users/harshitha.suresh/hello-akka-java8/target/resolution-cache/reports/default-hello-akka-java8_2.10-runtime-internal.xml
	report for default#hello-akka-java8_2.10;1.0 test-internal produced in /Users/harshitha.suresh/hello-akka-java8/target/resolution-cache/reports/default-hello-akka-java8_2.10-test-internal.xml
	report for default#hello-akka-java8_2.10;1.0 plugin produced in /Users/harshitha.suresh/hello-akka-java8/target/resolution-cache/reports/default-hello-akka-java8_2.10-plugin.xml
	report for default#hello-akka-java8_2.10;1.0 sources produced in /Users/harshitha.suresh/hello-akka-java8/target/resolution-cache/reports/default-hello-akka-java8_2.10-sources.xml
	report for default#hello-akka-java8_2.10;1.0 docs produced in /Users/harshitha.suresh/hello-akka-java8/target/resolution-cache/reports/default-hello-akka-java8_2.10-docs.xml
	report for default#hello-akka-java8_2.10;1.0 pom produced in /Users/harshitha.suresh/hello-akka-java8/target/resolution-cache/reports/default-hello-akka-java8_2.10-pom.xml
	report for default#hello-akka-java8_2.10;1.0 scala-tool produced in /Users/harshitha.suresh/hello-akka-java8/target/resolution-cache/reports/default-hello-akka-java8_2.10-scala-tool.xml
	resolve done (3128ms resolve - 8071ms download)
Read from stdout: Done updating.
Done updating.

Initial source changes: 
	removed:Set()
	added: Set(/Users/harshitha.suresh/hello-akka-java8/src/main/java/HelloAkka.java)
	modified: Set()
Removed products: Set()
External API changes: API Changes: Set()
Modified binary dependencies: Set()
Initial directly invalidated sources: Set(/Users/harshitha.suresh/hello-akka-java8/src/main/java/HelloAkka.java)

Sources indirectly invalidated by:
	product: Set()
	binary dep: Set()
	external source: Set()
All initially invalidated sources: Set(/Users/harshitha.suresh/hello-akka-java8/src/main/java/HelloAkka.java)

Recompiling all 1 sources: invalidated sources (1) exceeded 50.0% of all sources
Read from stdout: Compiling 1 Java source to /Users/harshitha.suresh/hello-akka-java8/target/scala-2.10/classes...
Compiling 1 Java source to /Users/harshitha.suresh/hello-akka-java8/target/scala-2.10/classes...
Attempting to call com.sun.tools.javac.api.JavacTool@5ede9b8 directly...
Java compilation took 0.673556192 s
Java analysis took 0.1619376 s
Java compile + analysis took 0.838865836 s
Invalidating /Users/harshitha.suresh/hello-akka-java8/src/main/java/HelloAkka.java...
Invalidating (transitively) by inheritance from /Users/harshitha.suresh/hello-akka-java8/src/main/java/HelloAkka.java...
Initial set of included nodes: Set(/Users/harshitha.suresh/hello-akka-java8/src/main/java/HelloAkka.java)
Invalidated by transitive inheritance dependency: Set(/Users/harshitha.suresh/hello-akka-java8/src/main/java/HelloAkka.java)
The /Users/harshitha.suresh/hello-akka-java8/src/main/java/HelloAkka.java source file has the following regular definitions changed:
	notify, lambda$new$0, wait, serialVersionUID, equals, HelloAkka$GreetPrinter, context, lambda$receive$2, self, receive, preRestart, HelloAkka$WhoToGreet, aroundReceive, akka$actor$Actor$_setter_$self_$eq, postRestart, main, postStop, notifyAll, HelloAkka$Greet, aroundPostRestart, emptyBehavior, aroundPreRestart, aroundPostStop, HelloAkka, <init>, preStart, unhandled, who, akka$actor$Actor$_setter_$context_$eq, lambda$new$1, greeting, getContext, sender, message, toString, HelloAkka$Greeter, getClass, HelloAkka$Greeting, supervisorStrategy, hashCode, aroundPreStart.
All member reference dependencies will be considered within this context.
Name hashing optimization doesn't apply to non-Scala dependency: /Users/harshitha.suresh/hello-akka-java8/src/main/java/HelloAkka.java
New invalidations:
	Set()
Initial set of included nodes: Set()
Previously invalidated, but (transitively) depend on new invalidations:
	Set()
All newly invalidated sources after taking into account (previously) recompiled sources:Set()
Total time: 13 s, completed 27-Jun-2015 09:45:37
> server-post-command-cleanup
> server-handle-next-server-request
> {file:/Users/harshitha.suresh/hello-akka-java8/}hello-akka-java8/compile:discoveredMainClasses
Evaluating tasks: compile:discoveredMainClasses
Running task... Cancel: sbt.server.ServerTaskCancellation@20531907, check cycles: false

Initial source changes: 
	removed:Set()
	added: Set()
	modified: Set()
Removed products: Set()
External API changes: API Changes: Set()
Modified binary dependencies: Set()
Initial directly invalidated sources: Set()

Sources indirectly invalidated by:
	product: Set()
	binary dep: Set()
	external source: Set()
All initially invalidated sources: Set()

Total time: 0 s, completed 27-Jun-2015 09:45:37
> server-post-command-cleanup
> server-handle-next-server-request
Received execution starting without a waiting first ExecutionStarting(3)
Received execution starting without a waiting first ExecutionStarting(3)
Use 'last' for the full log.
> server-post-command-error-handler
> server-post-command-cleanup
> server-handle-next-server-request
> {file:/Users/harshitha.suresh/hello-akka-java8/}hello-akka-java8/compile:discoveredMainClasses
Evaluating tasks: compile:discoveredMainClasses
Running task... Cancel: sbt.server.ServerTaskCancellation@2ac46e46, check cycles: false

Initial source changes: 
	removed:Set()
	added: Set()
	modified: Set()
Removed products: Set()
External API changes: API Changes: Set()
Modified binary dependencies: Set()
Initial directly invalidated sources: Set()

Sources indirectly invalidated by:
	product: Set()
	binary dep: Set()
	external source: Set()
All initially invalidated sources: Set()

Total time: 0 s, completed 27-Jun-2015 09:45:37
> server-post-command-cleanup
> server-handle-next-server-request
> backgroundRunMain HelloAkka
Evaluating tasks: compile:backgroundRunMain
Running task... Cancel: sbt.server.ServerTaskCancellation@7a7672dc, check cycles: false

Initial source changes: 
	removed:Set()
	added: Set()
	modified: Set()
Removed products: Set()
External API changes: API Changes: Set()
Modified binary dependencies: Set()
Initial directly invalidated sources: Set()

Sources indirectly invalidated by:
	product: Set()
	binary dep: Set()
	external source: Set()
All initially invalidated sources: Set()

Copy resource mappings: 
	
Total time: 0 s, completed 27-Jun-2015 09:45:56
> server-post-command-cleanup
> server-handle-next-server-request
> jobStop 1
Evaluating tasks: *:jobStop
Running task... Cancel: sbt.server.ServerTaskCancellation@694e4c3c, check cycles: false
Total time: 0 s, completed 27-Jun-2015 09:46:08
> server-post-command-cleanup
Exception in thread "sbt-bg-threads-1" java.lang.IllegalThreadStateException: process hasn't exited
> server-handle-next-server-request
	at java.lang.UNIXProcess.exitValue(UNIXProcess.java:421)
	at sbt.SimpleProcess.exitValue(ProcessImpl.scala:382)
	at sbt.ForkRun.run(Run.scala:32)
	at sbt.plugins.BackgroundRun$$$$b4c18989468ecd5aa4b4422d7494c6$$$$onfun$apply$6.apply(BackgroundRunPlugin.scala:38)
	at sbt.plugins.BackgroundRun$$$$b4c18989468ecd5aa4b4422d7494c6$$$$onfun$apply$6.apply(BackgroundRunPlugin.scala:37)
	at sbt.BackgroundThreadPool$$anonfun$1.apply$mcV$sp(AbstractBackgroundJobService.scala:134)
	at sbt.BackgroundThreadPool$BackgroundRunnable.run(AbstractBackgroundJobService.scala:68)
	at java.util.concurrent.ThreadPoolExecutor.runWorker(ThreadPoolExecutor.java:1142)
	at java.util.concurrent.ThreadPoolExecutor$Worker.run(ThreadPoolExecutor.java:617)
	at java.lang.Thread.run(Thread.java:745)
> gen-idea
Not a valid command: gen-idea
Not a valid project ID: gen-idea
Expected ':' (if selecting a configuration)
Not a valid key: gen-idea
gen-idea
        ^
> server-post-command-error-handler
> server-post-command-cleanup
> server-handle-next-server-request
Done executing sbt server engine, result Right(Exit(0))
Closing listening server socket
Waiting for socket thread
Waiting for request processor thread
Waiting for command engine result
Returning control to sbt launcher with result Exit(0)
Closing the 69734@gl04865m.home logs at Sat Jun 27 13:31:34 BST 2015, goodbye.
